Using pre-set license
Built from '2020.2/release' branch; Version is '2020.2.1f1 (270dd8c3da1c) revision 2559448'; Using compiler version '192528614'; Build Type 'Release'
OS: 'Windows 10  (10.0.0) 64bit' Language: 'en' Physical Memory: 16344 MB
BatchMode: 1, IsHumanControllingUs: 0, StartBugReporterOnCrash: 0, Is64bit: 1, IsPro: 0

 COMMAND LINE ARGUMENTS:
C:\Program Files\Unity\Hub\Editor\2020.2.1f1\Editor\2020.2.1f1\Editor\Unity.exe
-adb2
-batchMode
-noUpm
-name
AssetImportWorker0
-projectPath
C:/Users/Rocco Jelsomeno/DAGD 302/302-2021-MathDemos/HadtoUseUnity2018/LerpDemo
-logFile
Logs/AssetImportWorker0.log
-srvPort
55132
Successfully changed project path to: C:/Users/Rocco Jelsomeno/DAGD 302/302-2021-MathDemos/HadtoUseUnity2018/LerpDemo
C:/Users/Rocco Jelsomeno/DAGD 302/302-2021-MathDemos/HadtoUseUnity2018/LerpDemo
Using Asset Import Pipeline V2.
Refreshing native plugins compatible for Editor in 45.85 ms, found 0 plugins.
Preloading 0 native plugins for Editor in 0.00 ms.
Initialize engine version: 2020.2.1f1 (270dd8c3da1c)
[Subsystems] Discovering subsystems at path C:/Program Files/Unity/Hub/Editor/2020.2.1f1/Editor/2020.2.1f1/Editor/Data/Resources/UnitySubsystems
[Subsystems] Discovering subsystems at path C:/Users/Rocco Jelsomeno/DAGD 302/302-2021-MathDemos/HadtoUseUnity2018/LerpDemo/Assets
GfxDevice: creating device client; threaded=0
Direct3D:
    Version:  Direct3D 11.0 [level 11.1]
    Renderer: NVIDIA GeForce GTX 1070 Ti (ID=0x1b82)
    Vendor:   
    VRAM:     8079 MB
    Driver:   27.21.14.5671
Initialize mono
Mono path[0] = 'C:/Program Files/Unity/Hub/Editor/2020.2.1f1/Editor/2020.2.1f1/Editor/Data/Managed'
Mono path[1] = 'C:/Program Files/Unity/Hub/Editor/2020.2.1f1/Editor/2020.2.1f1/Editor/Data/MonoBleedingEdge/lib/mono/unityjit'
Mono config path = 'C:/Program Files/Unity/Hub/Editor/2020.2.1f1/Editor/2020.2.1f1/Editor/Data/MonoBleedingEdge/etc'
Using monoOptions --debugger-agent=transport=dt_socket,embedding=1,server=y,suspend=n,address=127.0.0.1:56012
Begin MonoManager ReloadAssembly
Registering precompiled unity dll's ...
Register platform support module: C:/Program Files/Unity/Hub/Editor/2020.2.1f1/Editor/2020.2.1f1/Editor/Data/PlaybackEngines/WebGLSupport/UnityEditor.WebGL.Extensions.dll
Register platform support module: C:/Program Files/Unity/Hub/Editor/2020.2.1f1/Editor/2020.2.1f1/Editor/Data/PlaybackEngines/WindowsStandaloneSupport/UnityEditor.WindowsStandalone.Extensions.dll
Registered in 0.003957 seconds.
Native extension for WindowsStandalone target not found
Native extension for WebGL target not found
Refreshing native plugins compatible for Editor in 37.29 ms, found 0 plugins.
Preloading 0 native plugins for Editor in 0.00 ms.
Invoked RoslynAnalysisRunner static constructor.
RoslynAnalysisRunner will not be running.
RoslynAnalysisRunner has terminated.
Mono: successfully reloaded assembly
- Completed reload, in  1.470 seconds
Platform modules already initialized, skipping
Registering precompiled user dll's ...
Registered in 0.003098 seconds.
Begin MonoManager ReloadAssembly
Native extension for WindowsStandalone target not found
Native extension for WebGL target not found
Refreshing native plugins compatible for Editor in 0.34 ms, found 0 plugins.
Preloading 0 native plugins for Editor in 0.00 ms.
Invoked RoslynAnalysisRunner static constructor.
RoslynAnalysisRunner will not be running.
RoslynAnalysisRunner has terminated.
Mono: successfully reloaded assembly
- Completed reload, in  0.880 seconds
Platform modules already initialized, skipping
========================================================================
Worker process is ready to serve import requests
Launched and connected shader compiler UnityShaderCompiler.exe after 0.03 seconds
Refreshing native plugins compatible for Editor in 0.41 ms, found 0 plugins.
Preloading 0 native plugins for Editor in 0.00 ms.
Unloading 1395 Unused Serialized files (Serialized files now loaded: 0)
System memory in use before: 66.4 MB.
System memory in use after: 66.5 MB.

Unloading 33 unused Assets to reduce memory usage. Loaded Objects now: 1826.
Total: 1.821600 ms (FindLiveObjects: 0.172400 ms CreateObjectMapping: 0.041000 ms MarkObjects: 1.552300 ms  DeleteObjects: 0.054800 ms)

========================================================================
Received Import Request.
  path: Assets/Scripts/OrbitCameraControl.cs
  artifactKey: Guid(a20f38a58564e274186ad7ea5fce5c48) Importer(815301076,1909f56bfc062723c751e8b465ee728b)
Start importing Assets/Scripts/OrbitCameraControl.cs using Guid(a20f38a58564e274186ad7ea5fce5c48) Importer(815301076,1909f56bfc062723c751e8b465ee728b)  -> (artifact id: '133b7801a01f6d7fb619624b77d123de') in 0.058702 seconds
  Import took 0.061159 seconds .

========================================================================
Received Prepare
Refreshing native plugins compatible for Editor in 10.55 ms, found 0 plugins.
Preloading 0 native plugins for Editor in 0.00 ms.
Unloading 22 Unused Serialized files (Serialized files now loaded: 0)
System memory in use before: 38.1 MB.
System memory in use after: 38.2 MB.

Unloading 22 unused Assets to reduce memory usage. Loaded Objects now: 1826.
Total: 2.201700 ms (FindLiveObjects: 0.157200 ms CreateObjectMapping: 0.059700 ms MarkObjects: 1.964000 ms  DeleteObjects: 0.019200 ms)

========================================================================
Received Prepare
Registering precompiled user dll's ...
Registered in 0.005403 seconds.
Begin MonoManager ReloadAssembly
Native extension for WindowsStandalone target not found
Native extension for WebGL target not found
Refreshing native plugins compatible for Editor in 0.39 ms, found 0 plugins.
Preloading 0 native plugins for Editor in 0.00 ms.
Invoked RoslynAnalysisRunner static constructor.
RoslynAnalysisRunner will not be running.
RoslynAnalysisRunner has terminated.
Mono: successfully reloaded assembly
- Completed reload, in  1.075 seconds
Platform modules already initialized, skipping
Refreshing native plugins compatible for Editor in 0.35 ms, found 0 plugins.
Preloading 0 native plugins for Editor in 0.00 ms.
Unloading 1376 Unused Serialized files (Serialized files now loaded: 0)
System memory in use before: 65.7 MB.
System memory in use after: 65.8 MB.

Unloading 24 unused Assets to reduce memory usage. Loaded Objects now: 1828.
Total: 1.765800 ms (FindLiveObjects: 0.132500 ms CreateObjectMapping: 0.036700 ms MarkObjects: 1.576900 ms  DeleteObjects: 0.018500 ms)

========================================================================
Received Import Request.
  Time since last request: 66917.678529 seconds.
  path: Assets/Scripts/LerpDemo.cs
  artifactKey: Guid(11f1751041172bd4387198736b9e2bb2) Importer(815301076,1909f56bfc062723c751e8b465ee728b)
Start importing Assets/Scripts/LerpDemo.cs using Guid(11f1751041172bd4387198736b9e2bb2) Importer(815301076,1909f56bfc062723c751e8b465ee728b)  -> (artifact id: '23fded4a6aa68de5b88249a0ea0e2ee7') in 0.013338 seconds
  Import took 0.017699 seconds .

========================================================================
Received Import Request.
  Time since last request: 902.578652 seconds.
  path: Assets/Scripts/GenerateRingPath.cs
  artifactKey: Guid(e5ca35063175a2641bcd9e17d2f78723) Importer(815301076,1909f56bfc062723c751e8b465ee728b)
Start importing Assets/Scripts/GenerateRingPath.cs using Guid(e5ca35063175a2641bcd9e17d2f78723) Importer(815301076,1909f56bfc062723c751e8b465ee728b)  -> (artifact id: '47fd723c3187102e859a38c93ef51c75') in 0.004896 seconds
  Import took 0.009326 seconds .

========================================================================
Received Import Request.
  Time since last request: 8655.292706 seconds.
  path: Assets/Scripts/HoverToSelect.cs
  artifactKey: Guid(e4dec369ab7b4dc42b56c3774c49c76c) Importer(815301076,1909f56bfc062723c751e8b465ee728b)
Start importing Assets/Scripts/HoverToSelect.cs using Guid(e4dec369ab7b4dc42b56c3774c49c76c) Importer(815301076,1909f56bfc062723c751e8b465ee728b)  -> (artifact id: '3b1296555d01a4988de4eea632c44941') in 0.018122 seconds
  Import took 0.046367 seconds .

========================================================================
Received Prepare
Registering precompiled user dll's ...
Registered in 0.003123 seconds.
Begin MonoManager ReloadAssembly
Native extension for WindowsStandalone target not found
Native extension for WebGL target not found
Refreshing native plugins compatible for Editor in 0.42 ms, found 0 plugins.
Preloading 0 native plugins for Editor in 0.00 ms.
Invoked RoslynAnalysisRunner static constructor.
RoslynAnalysisRunner will not be running.
RoslynAnalysisRunner has terminated.
Mono: successfully reloaded assembly
- Completed reload, in  1.128 seconds
Platform modules already initialized, skipping
Refreshing native plugins compatible for Editor in 0.48 ms, found 0 plugins.
Preloading 0 native plugins for Editor in 0.00 ms.
Unloading 1376 Unused Serialized files (Serialized files now loaded: 0)
System memory in use before: 66.0 MB.
System memory in use after: 66.1 MB.

Unloading 24 unused Assets to reduce memory usage. Loaded Objects now: 1830.
Total: 2.323100 ms (FindLiveObjects: 0.182100 ms CreateObjectMapping: 0.051200 ms MarkObjects: 2.063600 ms  DeleteObjects: 0.024100 ms)

========================================================================
Received Prepare
Registering precompiled user dll's ...
Registered in 0.003473 seconds.
Begin MonoManager ReloadAssembly
Native extension for WindowsStandalone target not found
Native extension for WebGL target not found
Refreshing native plugins compatible for Editor in 0.40 ms, found 0 plugins.
Preloading 0 native plugins for Editor in 0.00 ms.
Invoked RoslynAnalysisRunner static constructor.
RoslynAnalysisRunner will not be running.
RoslynAnalysisRunner has terminated.
Mono: successfully reloaded assembly
- Completed reload, in  0.980 seconds
Platform modules already initialized, skipping
Refreshing native plugins compatible for Editor in 0.36 ms, found 0 plugins.
Preloading 0 native plugins for Editor in 0.00 ms.
Unloading 1376 Unused Serialized files (Serialized files now loaded: 0)
System memory in use before: 66.1 MB.
System memory in use after: 66.2 MB.

Unloading 24 unused Assets to reduce memory usage. Loaded Objects now: 1832.
Total: 1.903400 ms (FindLiveObjects: 0.182300 ms CreateObjectMapping: 0.082700 ms MarkObjects: 1.617800 ms  DeleteObjects: 0.019300 ms)

========================================================================
Received Import Request.
  Time since last request: 3839.667549 seconds.
  path: Assets/Scripts/GUI/HUDController.cs
  artifactKey: Guid(a94901a8ab9d36f49af40488f852fbe3) Importer(815301076,1909f56bfc062723c751e8b465ee728b)
Start importing Assets/Scripts/GUI/HUDController.cs using Guid(a94901a8ab9d36f49af40488f852fbe3) Importer(815301076,1909f56bfc062723c751e8b465ee728b)  -> (artifact id: '5a09d4bb101366c86095db0d8ff8b4f4') in 0.012178 seconds
  Import took 0.016635 seconds .

========================================================================
Received Import Request.
  Time since last request: 897.939603 seconds.
  path: Assets/Scripts/GUI/MainMenuController.cs
  artifactKey: Guid(1193181e52a17ca4cb13ac514a82529d) Importer(815301076,1909f56bfc062723c751e8b465ee728b)
Start importing Assets/Scripts/GUI/MainMenuController.cs using Guid(1193181e52a17ca4cb13ac514a82529d) Importer(815301076,1909f56bfc062723c751e8b465ee728b)  -> (artifact id: '3c2737e3316ebb8ab887e5774f57cd56') in 0.012160 seconds
  Import took 0.015523 seconds .

AssetImportWorkerClient::OnTransportError - code=2 error=End of file
